<?xml version="1.0" encoding="UTF-8"?>
<testsuite name="com.agribid_server.AgribidServerApplicationTests" tests="1" skipped="0" failures="0" errors="0" timestamp="2025-06-26T17:08:20.358Z" hostname="spaneos-System-Product-Name" time="1.082">
  <properties/>
  <testcase name="contextLoads()" classname="com.agribid_server.AgribidServerApplicationTests" time="1.082"/>
  <system-out><![CDATA[22:38:15.821 [Test worker] INFO org.springframework.test.context.support.AnnotationConfigContextLoaderUtils -- Could not detect default configuration classes for test class [com.agribid_server.AgribidServerApplicationTests]: AgribidServerApplicationTests does not declare any static, non-private, non-final, nested classes annotated with @Configuration.
22:38:16.036 [Test worker] INFO org.springframework.boot.test.context.SpringBootTestContextBootstrapper -- Found @SpringBootConfiguration com.agribid_server.AgribidServerApplication for test class com.agribid_server.AgribidServerApplicationTests

  .   ____          _            __ _ _
 /\\ / ___'_ __ _ _(_)_ __  __ _ \ \ \ \
( ( )\___ | '_ | '_| | '_ \/ _` | \ \ \ \
 \\/  ___)| |_)| | | | | || (_| |  ) ) ) )
  '  |____| .__|_| |_|_| |_\__, | / / / /
 =========|_|==============|___/=/_/_/_/

 :: Spring Boot ::                (v3.4.6)

2025-06-26T22:38:16.870+05:30  INFO 24663 --- [agribid-server] [    Test worker] c.a.AgribidServerApplicationTests        : Starting AgribidServerApplicationTests using Java 17.0.15 with PID 24663 (started by personal in /home/personal/AgriBid/agribid-server)
2025-06-26T22:38:16.881+05:30  INFO 24663 --- [agribid-server] [    Test worker] c.a.AgribidServerApplicationTests        : The following 1 profile is active: "${ACTIVE_PROFILE}"
2025-06-26T22:38:18.030+05:30  INFO 24663 --- [agribid-server] [    Test worker] .s.d.r.c.RepositoryConfigurationDelegate : Bootstrapping Spring Data MongoDB repositories in DEFAULT mode.
2025-06-26T22:38:18.147+05:30  INFO 24663 --- [agribid-server] [    Test worker] .s.d.r.c.RepositoryConfigurationDelegate : Finished Spring Data repository scanning in 106 ms. Found 3 MongoDB repository interfaces.
2025-06-26T22:38:18.920+05:30  INFO 24663 --- [agribid-server] [    Test worker] org.mongodb.driver.client                : MongoClient with metadata {"driver": {"name": "mongo-java-driver|sync|spring-boot", "version": "5.2.1"}, "os": {"type": "Linux", "name": "Linux", "architecture": "amd64", "version": "5.15.0-139-generic"}, "platform": "Java/Ubuntu/17.0.15+6-Ubuntu-0ubuntu120.04"} created with settings MongoClientSettings{readPreference=primary, writeConcern=WriteConcern{w=null, wTimeout=null ms, journal=null}, retryWrites=true, retryReads=true, readConcern=ReadConcern{level=null}, credential=null, transportSettings=null, commandListeners=[], codecRegistry=ProvidersCodecRegistry{codecProviders=[ValueCodecProvider{}, BsonValueCodecProvider{}, DBRefCodecProvider{}, DBObjectCodecProvider{}, DocumentCodecProvider{}, CollectionCodecProvider{}, IterableCodecProvider{}, MapCodecProvider{}, GeoJsonCodecProvider{}, GridFSFileCodecProvider{}, Jsr310CodecProvider{}, JsonObjectCodecProvider{}, BsonCodecProvider{}, EnumCodecProvider{}, com.mongodb.client.model.mql.ExpressionCodecProvider@7b5cc918, com.mongodb.Jep395RecordCodecProvider@62b3a2f6, com.mongodb.KotlinCodecProvider@202898d7]}, loggerSettings=LoggerSettings{maxDocumentLength=1000}, clusterSettings={hosts=[localhost:27017], srvServiceName=mongodb, mode=SINGLE, requiredClusterType=UNKNOWN, requiredReplicaSetName='null', serverSelector='null', clusterListeners='[]', serverSelectionTimeout='30000 ms', localThreshold='15 ms'}, socketSettings=SocketSettings{connectTimeoutMS=10000, readTimeoutMS=0, receiveBufferSize=0, proxySettings=ProxySettings{host=null, port=null, username=null, password=null}}, heartbeatSocketSettings=SocketSettings{connectTimeoutMS=10000, readTimeoutMS=10000, receiveBufferSize=0, proxySettings=ProxySettings{host=null, port=null, username=null, password=null}}, connectionPoolSettings=ConnectionPoolSettings{maxSize=100, minSize=0, maxWaitTimeMS=120000, maxConnectionLifeTimeMS=0, maxConnectionIdleTimeMS=0, maintenanceInitialDelayMS=0, maintenanceFrequencyMS=60000, connectionPoolListeners=[], maxConnecting=2}, serverSettings=ServerSettings{heartbeatFrequencyMS=10000, minHeartbeatFrequencyMS=500, serverMonitoringMode=AUTO, serverListeners='[]', serverMonitorListeners='[]'}, sslSettings=SslSettings{enabled=false, invalidHostNameAllowed=false, context=null}, applicationName='null', compressorList=[], uuidRepresentation=JAVA_LEGACY, serverApi=null, autoEncryptionSettings=null, dnsClient=null, inetAddressResolver=null, contextProvider=null, timeoutMS=null}
2025-06-26T22:38:18.948+05:30  INFO 24663 --- [agribid-server] [localhost:27017] org.mongodb.driver.cluster               : Monitor thread successfully connected to server with description ServerDescription{address=localhost:27017, type=STANDALONE, cryptd=false, state=CONNECTED, ok=true, minWireVersion=0, maxWireVersion=5, maxDocumentSize=16777216, logicalSessionTimeoutMinutes=null, roundTripTimeNanos=31850392, minRoundTripTimeNanos=0}
2025-06-26T22:38:20.335+05:30  INFO 24663 --- [agribid-server] [    Test worker] c.a.AgribidServerApplicationTests        : Started AgribidServerApplicationTests in 4.04 seconds (process running for 6.12)
]]></system-out>
  <system-err><![CDATA[]]></system-err>
</testsuite>
